<?xml version="1.0" encoding="UTF-8"?>
<!-- Generated by org.testng.reporters.JUnitXMLReporter -->
<testsuite hostname="infotrack115" ignored="0" name="Chrome_Browser" tests="17" failures="0" timestamp="2020-02-11T17:14:40 IST" time="86.687" errors="0">
  <testcase name="test_login_to_app" time="0.573" classname="com.Test.Automation.TestCases.Login_Page_TC"/>
  <testcase name="test_login_to_app" time="0.503" classname="com.Test.Automation.TestCases.Login_Page_TC"/>
  <testcase name="test_login_to_app" time="0.511" classname="com.Test.Automation.TestCases.Login_Page_TC"/>
  <testcase name="test_login_to_app" time="0.505" classname="com.Test.Automation.TestCases.Login_Page_TC"/>
  <testcase name="test_login_to_app" time="0.421" classname="com.Test.Automation.TestCases.Login_Page_TC"/>
  <testcase name="test_login_to_app" time="0.425" classname="com.Test.Automation.TestCases.Login_Page_TC"/>
  <testcase name="test_login_to_app" time="0.458" classname="com.Test.Automation.TestCases.Login_Page_TC"/>
  <testcase name="test_login_to_app" time="0.532" classname="com.Test.Automation.TestCases.Login_Page_TC"/>
  <testcase name="test_login_to_app" time="0.489" classname="com.Test.Automation.TestCases.Login_Page_TC"/>
  <testcase name="test_login_to_app" time="0.787" classname="com.Test.Automation.TestCases.Login_Page_TC"/>
  <testcase name="test_login_to_app" time="0.488" classname="com.Test.Automation.TestCases.Login_Page_TC"/>
  <testcase name="test_login_to_app" time="0.708" classname="com.Test.Automation.TestCases.Login_Page_TC"/>
  <testcase name="test_login_to_app" time="0.541" classname="com.Test.Automation.TestCases.Login_Page_TC"/>
  <testcase name="test_login_to_app" time="1.102" classname="com.Test.Automation.TestCases.Login_Page_TC"/>
  <testcase name="test_login_to_app" time="0.54" classname="com.Test.Automation.TestCases.Login_Page_TC"/>
  <testcase name="test_login_to_app" time="0.953" classname="com.Test.Automation.TestCases.Login_Page_TC"/>
  <testcase name="test_login_to_app" time="0.76" classname="com.Test.Automation.TestCases.Login_Page_TC"/>
</testsuite> <!-- Chrome_Browser -->
